#
# A fatal error has been detected by the Java Runtime Environment:
#
#  EXCEPTION_ACCESS_VIOLATION (0xc0000005) at pc=0x0000000180005b6b, pid=692, tid=0x0000000000000b78
#
# JRE version: Java(TM) SE Runtime Environment (8.0_112-b15) (build 1.8.0_112-b15)
# Java VM: Java HotSpot(TM) 64-Bit Server VM (25.112-b15 mixed mode windows-amd64 compressed oops)
# Problematic frame:
# C  [rxtxSerial.dll+0x5b6b]
#
# Failed to write core dump. Minidumps are not enabled by default on client versions of Windows
#
# If you would like to submit a bug report, please visit:
#   http://bugreport.java.com/bugreport/crash.jsp
# The crash happened outside the Java Virtual Machine in native code.
# See problematic frame for where to report the bug.
#

---------------  T H R E A D  ---------------

Current thread (0x00000000241dd000):  JavaThread "MavLinkConnection-Connecting Thread" [_thread_in_native, id=2936, stack(0x00000000347e0000,0x00000000348e0000)]

siginfo: ExceptionCode=0xc0000005, writing address 0x0000000035a7ebd8

Registers:
RAX=0x0000000000000000, RBX=0x0000000000000000, RCX=0x00007ffbb6d054e4, RDX=0x0000000000000000
RSP=0x00000000348ded60, RBP=0x00000000ffffffff, RSI=0x0000000000000015, RDI=0x0000000000000001
R8 =0x00000000348decb8, R9 =0x00000000ffffffff, R10=0x0000000000000000, R11=0x0000000000000246
R12=0x0000000035a7ebd0, R13=0x0000000000000001, R14=0x0000000000000000, R15=0x0000000000000000
RIP=0x0000000180005b6b, EFLAGS=0x0000000000010246

Top of Stack: (sp=0x00000000348ded60)
0x00000000348ded60:   0000000000000000 0000000000000000
0x00000000348ded70:   0000000000000000 0000000000000000
0x00000000348ded80:   00000000241dd000 0000000000000000
0x00000000348ded90:   00000000348df000 00000000348dee90
0x00000000348deda0:   ffffffffffffffff 0000000000000001
0x00000000348dedb0:   0000000029a39d68 0000000180005f3f
0x00000000348dedc0:   00000000241dd1f8 00000000241dd1f8
0x00000000348dedd0:   0000000000000001 00000000348dedf0
0x00000000348dede0:   0000000000000001 00000000ffffffff
0x00000000348dedf0:   00000006c19287ec 00000000348dee90
0x00000000348dee00:   00000006c17da2a0 00000006c17da248
0x00000000348dee10:   00000006c17da2c8 00000000045485d4
0x00000000348dee20:   0000000000000200 000000006d98561b
0x00000000348dee30:   000000076c82e038 0000000000000000
0x00000000348dee40:   0000437db7faadaa 00000000348decf0
0x00000000348dee50:   0000000000000000 000000002de363b8 

Instructions: (pc=0x0000000180005b6b)
0x0000000180005b4b:   31 00 00 85 c0 78 33 74 06 03 d8 2b f8 eb 0a b9
0x0000000180005b5b:   e8 03 00 00 e8 1c 1c 00 00 41 3b dd 7c b7 8b c3
0x0000000180005b6b:   45 89 74 24 08 48 8b 5c 24 60 48 83 c4 20 41 5f
0x0000000180005b7b:   41 5e 41 5d 41 5c 5f 5e 5d c3 e8 1e 61 00 00 83 


Register to memory mapping:

RAX=0x0000000000000000 is an unknown value
RBX=0x0000000000000000 is an unknown value
RCX=0x00007ffbb6d054e4 is an unknown value
RDX=0x0000000000000000 is an unknown value
RSP=0x00000000348ded60 is pointing into the stack for thread: 0x00000000241dd000
RBP=0x00000000ffffffff is an unknown value
RSI=0x0000000000000015 is an unknown value
RDI=0x0000000000000001 is an unknown value
R8 =0x00000000348decb8 is pointing into the stack for thread: 0x00000000241dd000
R9 =0x00000000ffffffff is an unknown value
R10=0x0000000000000000 is an unknown value
R11=0x0000000000000246 is an unknown value
R12=0x0000000035a7ebd0 is an unknown value
R13=0x0000000000000001 is an unknown value
R14=0x0000000000000000 is an unknown value
R15=0x0000000000000000 is an unknown value


Stack: [0x00000000347e0000,0x00000000348e0000],  sp=0x00000000348ded60,  free space=1019k
Native frames: (J=compiled Java code, j=interpreted, Vv=VM code, C=native code)
C  [rxtxSerial.dll+0x5b6b]
C  [rxtxSerial.dll+0x5f3f]
C  0x00000000042a21b9

Java frames: (J=compiled Java code, j=interpreted, Vv=VM code)
J 5646  gnu.io.RXTXPort.readByte()I (0 bytes) @ 0x00000000042a213b [0x00000000042a2100+0x3b]
J 6233 C2 gnu.io.RXTXPort$SerialInputStream.read()I (167 bytes) @ 0x000000000389cff4 [0x000000000389cec0+0x134]
J 7638 C2 tools.comm.internal.TwoWaySerialComm.read([BI)I (238 bytes) @ 0x000000000442ad14 [0x000000000442aca0+0x74]
J 6124 C1 mavlink.core.connection.USBConnection.readDataBlock([B)I (22 bytes) @ 0x0000000003448fd4 [0x0000000003448ec0+0x114]
j  mavlink.is.connection.MavLinkConnection$1.run()V+187
j  java.lang.Thread.run()V+11
v  ~StubRoutines::call_stub

---------------  P R O C E S S  ---------------

Java Threads: ( => current thread )
  0x0000000028ead000 JavaThread "Java2D Disposer" daemon [_thread_blocked, id=1728, stack(0x0000000037060000,0x0000000037160000)]
  0x00000000241de000 JavaThread "pool-2-thread-1" [_thread_blocked, id=9552, stack(0x0000000036460000,0x0000000036560000)]
  0x00000000241dc800 JavaThread "MavLinkConnection-Sending Thread" [_thread_blocked, id=6012, stack(0x0000000036360000,0x0000000036460000)]
=>0x00000000241dd000 JavaThread "MavLinkConnection-Connecting Thread" [_thread_in_native, id=2936, stack(0x00000000347e0000,0x00000000348e0000)]
  0x00000000241e2800 JavaThread "Prism Font Disposer" daemon [_thread_blocked, id=8408, stack(0x000000002b110000,0x000000002b210000)]
  0x00000000241e1800 JavaThread "pool-3-thread-1" [_thread_blocked, id=9820, stack(0x00000000289e0000,0x0000000028ae0000)]
  0x00000000244ed800 JavaThread "Thread-5" [_thread_blocked, id=12500, stack(0x0000000026710000,0x0000000026810000)]
  0x000000001eb7c000 JavaThread "Thread-3" daemon [_thread_in_native, id=10216, stack(0x0000000023c40000,0x0000000023d40000)]
  0x000000001eb70000 JavaThread "JavaFX-Launcher" [_thread_blocked, id=10544, stack(0x0000000023d40000,0x0000000023e40000)]
  0x000000001e586000 JavaThread "JavaFX Application Thread" [_thread_blocked, id=8012, stack(0x000000001f3b0000,0x000000001f4b0000)]
  0x000000001e583000 JavaThread "Thread-1" daemon [_thread_blocked, id=11352, stack(0x000000001f2b0000,0x000000001f3b0000)]
  0x000000001e54e800 JavaThread "QuantumRenderer-0" daemon [_thread_blocked, id=9428, stack(0x000000001e7d0000,0x000000001e8d0000)]
  0x000000001e24f000 JavaThread "Service Thread" daemon [_thread_blocked, id=5760, stack(0x000000001e5d0000,0x000000001e6d0000)]
  0x000000001c7b7000 JavaThread "C1 CompilerThread2" daemon [_thread_blocked, id=8312, stack(0x000000001e0d0000,0x000000001e1d0000)]
  0x000000001c7ae800 JavaThread "C2 CompilerThread1" daemon [_thread_blocked, id=12508, stack(0x000000001dfd0000,0x000000001e0d0000)]
  0x000000001c7ab000 JavaThread "C2 CompilerThread0" daemon [_thread_blocked, id=5416, stack(0x000000001ded0000,0x000000001dfd0000)]
  0x000000001c7a9000 JavaThread "Attach Listener" daemon [_thread_blocked, id=12884, stack(0x000000001ddd0000,0x000000001ded0000)]
  0x000000001c7a8800 JavaThread "Signal Dispatcher" daemon [_thread_blocked, id=1724, stack(0x000000001dcd0000,0x000000001ddd0000)]
  0x000000000315a800 JavaThread "Finalizer" daemon [_thread_blocked, id=7400, stack(0x000000001d9e0000,0x000000001dae0000)]
  0x000000001c729000 JavaThread "Reference Handler" daemon [_thread_blocked, id=4940, stack(0x000000001d8e0000,0x000000001d9e0000)]
  0x000000000134d800 JavaThread "main" [_thread_blocked, id=3272, stack(0x0000000002f60000,0x0000000003060000)]

Other Threads:
  0x000000001c727000 VMThread [stack: 0x000000001d7e0000,0x000000001d8e0000] [id=11120]
  0x000000001e26c800 WatcherThread [stack: 0x000000001e6d0000,0x000000001e7d0000] [id=2076]

VM state:not at safepoint (normal execution)

VM Mutex/Monitor currently owned by a thread: None

Heap:
 PSYoungGen      total 214528K, used 38599K [0x000000076b200000, 0x000000077a400000, 0x00000007c0000000)
  eden space 185344K, 12% used [0x000000076b200000,0x000000076c84b228,0x0000000776700000)
  from space 29184K, 54% used [0x0000000778200000,0x0000000779166cb8,0x0000000779e80000)
  to   space 27648K, 0% used [0x0000000776700000,0x0000000776700000,0x0000000778200000)
 ParOldGen       total 211968K, used 41986K [0x00000006c1600000, 0x00000006ce500000, 0x000000076b200000)
  object space 211968K, 19% used [0x00000006c1600000,0x00000006c3f009c8,0x00000006ce500000)
 Metaspace       used 34077K, capacity 36148K, committed 36352K, reserved 1081344K
  class space    used 4731K, capacity 5103K, committed 5120K, reserved 1048576K

Card table byte_map: [0x0000000012520000,0x0000000012d20000] byte_map_base: 0x000000000ef15000

Marking Bits: (ParMarkBitMap*) 0x000000006e0aa6d0
 Begin Bits: [0x0000000013670000, 0x0000000017618000)
 End Bits:   [0x0000000017618000, 0x000000001b5c0000)

Polling page: 0x0000000001350000

CodeCache: size=245760Kb used=22709Kb max_used=22715Kb free=223050Kb
 bounds [0x0000000003160000, 0x00000000047b0000, 0x0000000012160000]
 total_blobs=7397 nmethods=6615 adapters=692
 compilation: enabled

Compilation events (10 events):
Event: 65.707 Thread 0x000000001c7b7000 7997       3       javafx.geometry.Point2D::getX (5 bytes)
Event: 65.707 Thread 0x000000001c7b7000 nmethod 7997 0x00000000041dd010 code [0x00000000041dd160, 0x00000000041dd2b0]
Event: 65.712 Thread 0x000000001c7ae800 7998       4       javafx.scene.layout.Region::getHeight (22 bytes)
Event: 65.712 Thread 0x000000001c7ae800 nmethod 7998 0x000000000472e510 code [0x000000000472e640, 0x000000000472e6f8]
Event: 65.727 Thread 0x000000001c7b7000 7999       3       com.sun.scenario.animation.shared.ClipEnvelope::checkBounds (10 bytes)
Event: 65.728 Thread 0x000000001c7b7000 nmethod 7999 0x00000000041dcb10 code [0x00000000041dcc80, 0x00000000041dcf10]
Event: 65.744 Thread 0x000000001c7b7000 8000   !   3       com.sun.scenario.animation.shared.SingleLoopClipEnvelope::timePulse (148 bytes)
Event: 65.744 Thread 0x000000001c7b7000 nmethod 8000 0x000000000333fd50 code [0x000000000333ff20, 0x0000000003340708]
Event: 65.744 Thread 0x000000001c7b7000 8001       3       javafx.animation.Timeline::impl_playTo (9 bytes)
Event: 65.744 Thread 0x000000001c7b7000 nmethod 8001 0x00000000047a6710 code [0x00000000047a6880, 0x00000000047a6a28]

GC Heap History (10 events):
Event: 3.306 GC heap before
{Heap before GC invocations=6 (full 1):
 PSYoungGen      total 99840K, used 99820K [0x000000076b200000, 0x0000000772900000, 0x00000007c0000000)
  eden space 89088K, 100% used [0x000000076b200000,0x0000000770900000,0x0000000770900000)
  from space 10752K, 99% used [0x0000000771380000,0x0000000771dfb180,0x0000000771e00000)
  to   space 10752K, 0% used [0x0000000770900000,0x0000000770900000,0x0000000771380000)
 ParOldGen       total 123392K, used 13239K [0x00000006c1600000, 0x00000006c8e80000, 0x000000076b200000)
  object space 123392K, 10% used [0x00000006c1600000,0x00000006c22edf80,0x00000006c8e80000)
 Metaspace       used 24002K, capacity 24980K, committed 25216K, reserved 1071104K
  class space    used 3446K, capacity 3623K, committed 3712K, reserved 1048576K
Event: 3.325 GC heap after
Heap after GC invocations=6 (full 1):
 PSYoungGen      total 99840K, used 10748K [0x000000076b200000, 0x0000000775700000, 0x00000007c0000000)
  eden space 89088K, 0% used [0x000000076b200000,0x000000076b200000,0x0000000770900000)
  from space 10752K, 99% used [0x0000000770900000,0x000000077137f190,0x0000000771380000)
  to   space 15360K, 0% used [0x0000000774800000,0x0000000774800000,0x0000000775700000)
 ParOldGen       total 123392K, used 14919K [0x00000006c1600000, 0x00000006c8e80000, 0x000000076b200000)
  object space 123392K, 12% used [0x00000006c1600000,0x00000006c2491ca8,0x00000006c8e80000)
 Metaspace       used 24002K, capacity 24980K, committed 25216K, reserved 1071104K
  class space    used 3446K, capacity 3623K, committed 3712K, reserved 1048576K
}
Event: 6.757 GC heap before
{Heap before GC invocations=7 (full 1):
 PSYoungGen      total 99840K, used 99836K [0x000000076b200000, 0x0000000775700000, 0x00000007c0000000)
  eden space 89088K, 100% used [0x000000076b200000,0x0000000770900000,0x0000000770900000)
  from space 10752K, 99% used [0x0000000770900000,0x000000077137f190,0x0000000771380000)
  to   space 15360K, 0% used [0x0000000774800000,0x0000000774800000,0x0000000775700000)
 ParOldGen       total 123392K, used 14919K [0x00000006c1600000, 0x00000006c8e80000, 0x000000076b200000)
  object space 123392K, 12% used [0x00000006c1600000,0x00000006c2491ca8,0x00000006c8e80000)
 Metaspace       used 31235K, capacity 33250K, committed 33408K, reserved 1077248K
  class space    used 4577K, capacity 4922K, committed 4992K, reserved 1048576K
Event: 6.782 GC heap after
Heap after GC invocations=7 (full 1):
 PSYoungGen      total 143872K, used 15351K [0x000000076b200000, 0x0000000776580000, 0x00000007c0000000)
  eden space 128512K, 0% used [0x000000076b200000,0x000000076b200000,0x0000000772f80000)
  from space 15360K, 99% used [0x0000000774800000,0x00000007756fdd68,0x0000000775700000)
  to   space 25088K, 0% used [0x0000000772f80000,0x0000000772f80000,0x0000000774800000)
 ParOldGen       total 123392K, used 28918K [0x00000006c1600000, 0x00000006c8e80000, 0x000000076b200000)
  object space 123392K, 23% used [0x00000006c1600000,0x00000006c323dab0,0x00000006c8e80000)
 Metaspace       used 31235K, capacity 33250K, committed 33408K, reserved 1077248K
  class space    used 4577K, capacity 4922K, committed 4992K, reserved 1048576K
}
Event: 26.779 GC heap before
{Heap before GC invocations=8 (full 1):
 PSYoungGen      total 143872K, used 87872K [0x000000076b200000, 0x0000000776580000, 0x00000007c0000000)
  eden space 128512K, 56% used [0x000000076b200000,0x000000076f8d2620,0x0000000772f80000)
  from space 15360K, 99% used [0x0000000774800000,0x00000007756fdd68,0x0000000775700000)
  to   space 25088K, 0% used [0x0000000772f80000,0x0000000772f80000,0x0000000774800000)
 ParOldGen       total 123392K, used 28918K [0x00000006c1600000, 0x00000006c8e80000, 0x000000076b200000)
  object space 123392K, 23% used [0x00000006c1600000,0x00000006c323dab0,0x00000006c8e80000)
 Metaspace       used 33325K, capacity 35376K, committed 35416K, reserved 1079296K
  class space    used 4727K, capacity 5097K, committed 5120K, reserved 1048576K
Event: 26.795 GC heap after
Heap after GC invocations=8 (full 1):
 PSYoungGen      total 153600K, used 25034K [0x000000076b200000, 0x0000000779e80000, 0x00000007c0000000)
  eden space 128512K, 0% used [0x000000076b200000,0x000000076b200000,0x0000000772f80000)
  from space 25088K, 99% used [0x0000000772f80000,0x00000007747f2850,0x0000000774800000)
  to   space 29184K, 0% used [0x0000000778200000,0x0000000778200000,0x0000000779e80000)
 ParOldGen       total 123392K, used 28926K [0x00000006c1600000, 0x00000006c8e80000, 0x000000076b200000)
  object space 123392K, 23% used [0x00000006c1600000,0x00000006c323fab0,0x00000006c8e80000)
 Metaspace       used 33325K, capacity 35376K, committed 35416K, reserved 1079296K
  class space    used 4727K, capacity 5097K, committed 5120K, reserved 1048576K
}
Event: 26.795 GC heap before
{Heap before GC invocations=9 (full 2):
 PSYoungGen      total 153600K, used 25034K [0x000000076b200000, 0x0000000779e80000, 0x00000007c0000000)
  eden space 128512K, 0% used [0x000000076b200000,0x000000076b200000,0x0000000772f80000)
  from space 25088K, 99% used [0x0000000772f80000,0x00000007747f2850,0x0000000774800000)
  to   space 29184K, 0% used [0x0000000778200000,0x0000000778200000,0x0000000779e80000)
 ParOldGen       total 123392K, used 28926K [0x00000006c1600000, 0x00000006c8e80000, 0x000000076b200000)
  object space 123392K, 23% used [0x00000006c1600000,0x00000006c323fab0,0x00000006c8e80000)
 Metaspace       used 33325K, capacity 35376K, committed 35416K, reserved 1079296K
  class space    used 4727K, capacity 5097K, committed 5120K, reserved 1048576K
Event: 26.900 GC heap after
Heap after GC invocations=9 (full 2):
 PSYoungGen      total 153600K, used 0K [0x000000076b200000, 0x0000000779e80000, 0x00000007c0000000)
  eden space 128512K, 0% used [0x000000076b200000,0x000000076b200000,0x0000000772f80000)
  from space 25088K, 0% used [0x0000000772f80000,0x0000000772f80000,0x0000000774800000)
  to   space 29184K, 0% used [0x0000000778200000,0x0000000778200000,0x0000000779e80000)
 ParOldGen       total 211968K, used 41978K [0x00000006c1600000, 0x00000006ce500000, 0x000000076b200000)
  object space 211968K, 19% used [0x00000006c1600000,0x00000006c3efe9c8,0x00000006ce500000)
 Metaspace       used 33325K, capacity 35376K, committed 35416K, reserved 1079296K
  class space    used 4727K, capacity 5097K, committed 5120K, reserved 1048576K
}
Event: 32.613 GC heap before
{Heap before GC invocations=10 (full 2):
 PSYoungGen      total 153600K, used 128512K [0x000000076b200000, 0x0000000779e80000, 0x00000007c0000000)
  eden space 128512K, 100% used [0x000000076b200000,0x0000000772f80000,0x0000000772f80000)
  from space 25088K, 0% used [0x0000000772f80000,0x0000000772f80000,0x0000000774800000)
  to   space 29184K, 0% used [0x0000000778200000,0x0000000778200000,0x0000000779e80000)
 ParOldGen       total 211968K, used 41978K [0x00000006c1600000, 0x00000006ce500000, 0x000000076b200000)
  object space 211968K, 19% used [0x00000006c1600000,0x00000006c3efe9c8,0x00000006ce500000)
 Metaspace       used 33700K, capacity 35840K, committed 36096K, reserved 1081344K
  class space    used 4727K, capacity 5097K, committed 5120K, reserved 1048576K
Event: 32.623 GC heap after
Heap after GC invocations=10 (full 2):
 PSYoungGen      total 214528K, used 15771K [0x000000076b200000, 0x000000077a400000, 0x00000007c0000000)
  eden space 185344K, 0% used [0x000000076b200000,0x000000076b200000,0x0000000776700000)
  from space 29184K, 54% used [0x0000000778200000,0x0000000779166cb8,0x0000000779e80000)
  to   space 27648K, 0% used [0x0000000776700000,0x0000000776700000,0x0000000778200000)
 ParOldGen       total 211968K, used 41986K [0x00000006c1600000, 0x00000006ce500000, 0x000000076b200000)
  object space 211968K, 19% used [0x00000006c1600000,0x00000006c3f009c8,0x00000006ce500000)
 Metaspace       used 33700K, capacity 35840K, committed 36096K, reserved 1081344K
  class space    used 4727K, capacity 5097K, committed 5120K, reserved 1048576K
}

Deoptimization events (10 events):
Event: 46.115 Thread 0x000000001e54e800 Uncommon trap: reason=class_check action=maybe_recompile pc=0x00000000036efadc method=com.sun.javafx.sg.prism.NGNode.markCullRegions(Lcom/sun/javafx/geom/DirtyRegionContainer;ILcom/sun/javafx/geom/transform/BaseTransform;Lcom/sun/javafx/geom/transform/Gen
Event: 46.115 Thread 0x000000001e54e800 Uncommon trap: reason=class_check action=maybe_recompile pc=0x00000000036efadc method=com.sun.javafx.sg.prism.NGNode.markCullRegions(Lcom/sun/javafx/geom/DirtyRegionContainer;ILcom/sun/javafx/geom/transform/BaseTransform;Lcom/sun/javafx/geom/transform/Gen
Event: 55.139 Thread 0x000000001e586000 Uncommon trap: reason=class_check action=maybe_recompile pc=0x00000000042a9768 method=javafx.scene.Scene.getFocusOwner()Ljavafx/scene/Node; @ 7
Event: 55.141 Thread 0x000000001e586000 Uncommon trap: reason=unstable_if action=reinterpret pc=0x000000000471cc18 method=javafx.scene.Parent.impl_computeGeomBounds(Lcom/sun/javafx/geom/BaseBounds;Lcom/sun/javafx/geom/transform/BaseTransform;)Lcom/sun/javafx/geom/BaseBounds; @ 28
Event: 55.141 Thread 0x000000001e54e800 Uncommon trap: reason=class_check action=maybe_recompile pc=0x00000000036efadc method=com.sun.javafx.sg.prism.NGNode.markCullRegions(Lcom/sun/javafx/geom/DirtyRegionContainer;ILcom/sun/javafx/geom/transform/BaseTransform;Lcom/sun/javafx/geom/transform/Gen
Event: 55.234 Thread 0x000000001e586000 Uncommon trap: reason=class_check action=maybe_recompile pc=0x00000000042a9768 method=javafx.scene.Scene.getFocusOwner()Ljavafx/scene/Node; @ 7
Event: 55.235 Thread 0x000000001e586000 Uncommon trap: reason=class_check action=maybe_recompile pc=0x00000000042a9768 method=javafx.scene.Scene.getFocusOwner()Ljavafx/scene/Node; @ 7
Event: 55.248 Thread 0x000000001e54e800 Uncommon trap: reason=unstable_if action=reinterpret pc=0x00000000046b8294 method=com.sun.javafx.sg.prism.NGNode.accumulateGroupDirtyRegion(Lcom/sun/javafx/geom/RectBounds;Lcom/sun/javafx/geom/RectBounds;Lcom/sun/javafx/geom/DirtyRegionPool;Lcom/sun/javaf
Event: 56.069 Thread 0x000000001e586000 Uncommon trap: reason=class_check action=maybe_recompile pc=0x00000000042a9768 method=javafx.scene.Scene.getFocusOwner()Ljavafx/scene/Node; @ 7
Event: 61.073 Thread 0x000000001e54e800 Uncommon trap: reason=unstable_if action=reinterpret pc=0x0000000004771b80 method=com.sun.prism.impl.ps.BaseShaderGraphics.renderGeneralRoundedPgram(FFFFFFFFFFLcom/sun/javafx/geom/transform/BaseTransform;Lcom/sun/prism/impl/ps/BaseShaderContext$MaskType;F

Internal exceptions (10 events):
Event: 32.159 Thread 0x000000001e586000 Exception <a 'java/io/FileNotFoundException'> (0x000000077239c6a8) thrown at [C:\re\workspace\8-2-build-windows-amd64-cygwin\jdk8u112\7884\hotspot\src\share\vm\prims\jni.cpp, line 709]
Event: 32.162 Thread 0x000000001e586000 Exception <a 'java/io/FileNotFoundException'> (0x00000007723e54c8) thrown at [C:\re\workspace\8-2-build-windows-amd64-cygwin\jdk8u112\7884\hotspot\src\share\vm\prims\jni.cpp, line 709]
Event: 32.164 Thread 0x000000001e586000 Exception <a 'java/io/FileNotFoundException'> (0x000000077242e308) thrown at [C:\re\workspace\8-2-build-windows-amd64-cygwin\jdk8u112\7884\hotspot\src\share\vm\prims\jni.cpp, line 709]
Event: 32.166 Thread 0x000000001e586000 Exception <a 'java/io/FileNotFoundException'> (0x00000007724378f0) thrown at [C:\re\workspace\8-2-build-windows-amd64-cygwin\jdk8u112\7884\hotspot\src\share\vm\prims\jni.cpp, line 709]
Event: 32.168 Thread 0x000000001e586000 Exception <a 'java/io/FileNotFoundException'> (0x0000000772440e98) thrown at [C:\re\workspace\8-2-build-windows-amd64-cygwin\jdk8u112\7884\hotspot\src\share\vm\prims\jni.cpp, line 709]
Event: 32.170 Thread 0x000000001e586000 Exception <a 'java/io/FileNotFoundException'> (0x000000077254c2e0) thrown at [C:\re\workspace\8-2-build-windows-amd64-cygwin\jdk8u112\7884\hotspot\src\share\vm\prims\jni.cpp, line 709]
Event: 32.172 Thread 0x000000001e586000 Exception <a 'java/io/FileNotFoundException'> (0x0000000772595098) thrown at [C:\re\workspace\8-2-build-windows-amd64-cygwin\jdk8u112\7884\hotspot\src\share\vm\prims\jni.cpp, line 709]
Event: 32.174 Thread 0x000000001e586000 Exception <a 'java/io/FileNotFoundException'> (0x00000007725dde50) thrown at [C:\re\workspace\8-2-build-windows-amd64-cygwin\jdk8u112\7884\hotspot\src\share\vm\prims\jni.cpp, line 709]
Event: 32.227 Thread 0x00000000241de000 Exception <a 'java/lang/NullPointerException'> (0x000000076b636fa0) thrown at [C:\re\workspace\8-2-build-windows-amd64-cygwin\jdk8u112\7884\hotspot\src\share\vm\interpreter\linkResolver.cpp, line 1178]
Event: 33.246 Thread 0x00000000241de000 Exception <a 'java/lang/NullPointerException'> (0x000000076b5646e0) thrown at [C:\re\workspace\8-2-build-windows-amd64-cygwin\jdk8u112\7884\hotspot\src\share\vm\interpreter\linkResolver.cpp, line 1178]

Events (10 events):
Event: 60.800 Thread 0x00000000241dd000 DEOPT PACKING pc=0x0000000004708193 sp=0x00000000348de670
Event: 60.800 Thread 0x00000000241dd000 DEOPT UNPACKING pc=0x00000000031a787f sp=0x00000000348de488 mode 0
Event: 61.073 Thread 0x000000001e54e800 Uncommon trap: trap_request=0xffffff65 fr.pc=0x0000000004771b80
Event: 61.073 Thread 0x000000001e54e800 DEOPT PACKING pc=0x0000000004771b80 sp=0x000000001e8cd6e0
Event: 61.073 Thread 0x000000001e54e800 DEOPT UNPACKING pc=0x00000000031a582a sp=0x000000001e8cd580 mode 2
Event: 65.815 Executing VM operation: RevokeBias
Event: 65.815 Executing VM operation: RevokeBias done
Event: 65.820 Thread 0x00000000241e1000 Thread exited: 0x00000000241e1000
Event: 65.820 Executing VM operation: RevokeBias
Event: 65.820 Executing VM operation: RevokeBias done


Dynamic libraries:
0x00007ff6973e0000 - 0x00007ff697417000 	C:\Program Files\Java\jre1.8.0_112\bin\javaw.exe
0x00007ffbb6c60000 - 0x00007ffbb6e31000 	C:\WINDOWS\SYSTEM32\ntdll.dll
0x00007ffbb41f0000 - 0x00007ffbb429b000 	C:\WINDOWS\System32\KERNEL32.DLL
0x00007ffbb3480000 - 0x00007ffbb369d000 	C:\WINDOWS\System32\KERNELBASE.dll
0x00007ffbb6120000 - 0x00007ffbb61c2000 	C:\WINDOWS\System32\ADVAPI32.dll
0x00007ffbb4a00000 - 0x00007ffbb4a9e000 	C:\WINDOWS\System32\msvcrt.dll
0x00007ffbb4920000 - 0x00007ffbb4979000 	C:\WINDOWS\System32\sechost.dll
0x00007ffbb6490000 - 0x00007ffbb65b1000 	C:\WINDOWS\System32\RPCRT4.dll
0x00007ffbb62f0000 - 0x00007ffbb6455000 	C:\WINDOWS\System32\USER32.dll
0x00007ffbb37a0000 - 0x00007ffbb37be000 	C:\WINDOWS\System32\win32u.dll
0x00007ffbb48e0000 - 0x00007ffbb4914000 	C:\WINDOWS\System32\GDI32.dll
0x00007ffbb3830000 - 0x00007ffbb39b2000 	C:\WINDOWS\System32\gdi32full.dll
0x00007ffba3fc0000 - 0x00007ffba423a000 	C:\WINDOWS\WinSxS\amd64_microsoft.windows.common-controls_6595b64144ccf1df_6.0.14393.351_none_4213128bc687e6d3\COMCTL32.dll
0x00007ffbb42a0000 - 0x00007ffbb4567000 	C:\WINDOWS\System32\combase.dll
0x00007ffbb40f0000 - 0x00007ffbb41e5000 	C:\WINDOWS\System32\ucrtbase.dll
0x00007ffbb37c0000 - 0x00007ffbb382a000 	C:\WINDOWS\System32\bcryptPrimitives.dll
0x00007ffbb6460000 - 0x00007ffbb648e000 	C:\WINDOWS\System32\IMM32.DLL
0x000000006d7b0000 - 0x000000006d882000 	C:\Program Files\Java\jre1.8.0_112\bin\msvcr100.dll
0x000000006d890000 - 0x000000006e12a000 	C:\Program Files\Java\jre1.8.0_112\bin\server\jvm.dll
0x00007ffbb6620000 - 0x00007ffbb6628000 	C:\WINDOWS\System32\PSAPI.DLL
0x00007ffbaf9c0000 - 0x00007ffbaf9c9000 	C:\WINDOWS\SYSTEM32\WSOCK32.dll
0x00007ffbb60b0000 - 0x00007ffbb611a000 	C:\WINDOWS\System32\WS2_32.dll
0x00007ffbb1550000 - 0x00007ffbb1573000 	C:\WINDOWS\SYSTEM32\WINMM.dll
0x00007ffba3b20000 - 0x00007ffba3b2a000 	C:\WINDOWS\SYSTEM32\VERSION.dll
0x00007ffbb14f0000 - 0x00007ffbb151b000 	C:\WINDOWS\SYSTEM32\WINMMBASE.dll
0x00007ffbb39c0000 - 0x00007ffbb3a02000 	C:\WINDOWS\System32\cfgmgr32.dll
0x000000006d7a0000 - 0x000000006d7af000 	C:\Program Files\Java\jre1.8.0_112\bin\verify.dll
0x000000006d770000 - 0x000000006d799000 	C:\Program Files\Java\jre1.8.0_112\bin\java.dll
0x000000006d750000 - 0x000000006d766000 	C:\Program Files\Java\jre1.8.0_112\bin\zip.dll
0x00007ffbb4aa0000 - 0x00007ffbb5fa9000 	C:\WINDOWS\System32\SHELL32.dll
0x00007ffbb3a10000 - 0x00007ffbb40ea000 	C:\WINDOWS\System32\windows.storage.dll
0x00007ffbb3100000 - 0x00007ffbb314c000 	C:\WINDOWS\System32\powrprof.dll
0x00007ffbb6290000 - 0x00007ffbb62e2000 	C:\WINDOWS\System32\shlwapi.dll
0x00007ffbb30f0000 - 0x00007ffbb30ff000 	C:\WINDOWS\System32\kernel.appcore.dll
0x00007ffbb3150000 - 0x00007ffbb31f9000 	C:\WINDOWS\System32\shcore.dll
0x00007ffbb30c0000 - 0x00007ffbb30d4000 	C:\WINDOWS\System32\profapi.dll
0x00007ffb89000000 - 0x00007ffb890ef000 	C:\Program Files\Java\jre1.8.0_112\bin\msvcr120.dll
0x00007ffb886b0000 - 0x00007ffb88756000 	C:\Program Files\Java\jre1.8.0_112\bin\msvcp120.dll
0x000000006d360000 - 0x000000006d382000 	C:\Program Files\Java\jre1.8.0_112\bin\prism_d3d.dll
0x00007ffb854f0000 - 0x00007ffb8567d000 	C:\WINDOWS\system32\d3d9.dll
0x00007ffbb0d30000 - 0x00007ffbb0d56000 	C:\WINDOWS\SYSTEM32\dwmapi.dll
0x00007ffbb1850000 - 0x00007ffbb18e5000 	C:\WINDOWS\system32\uxtheme.dll
0x00007ffb5d280000 - 0x00007ffb62a64000 	C:\WINDOWS\System32\DriverStore\FileRepository\igdlh64.inf_amd64_0745f11ce6fc197c\igdumdim64.dll
0x00007ffbb61d0000 - 0x00007ffbb628f000 	C:\WINDOWS\System32\OLEAUT32.dll
0x00007ffbb36a0000 - 0x00007ffbb373c000 	C:\WINDOWS\System32\msvcp_win.dll
0x00007ffbb47a0000 - 0x00007ffbb48d7000 	C:\WINDOWS\System32\ole32.dll
0x00007ffbb6630000 - 0x00007ffbb6a59000 	C:\WINDOWS\System32\SETUPAPI.dll
0x000000006d310000 - 0x000000006d353000 	C:\Program Files\Java\jre1.8.0_112\bin\glass.dll
0x00007ffbb5fb0000 - 0x00007ffbb60aa000 	C:\WINDOWS\System32\COMDLG32.dll
0x00007ffbb4610000 - 0x00007ffbb476b000 	C:\WINDOWS\System32\MSCTF.dll
0x00007ffba5840000 - 0x00007ffba58d8000 	C:\Program Files\Common Files\microsoft shared\ink\tiptsf.dll
0x00007ffbac270000 - 0x00007ffbad3cc000 	C:\WINDOWS\System32\DriverStore\FileRepository\igdlh64.inf_amd64_0745f11ce6fc197c\igc64.dll
0x000000006d730000 - 0x000000006d74a000 	C:\Program Files\Java\jre1.8.0_112\bin\net.dll
0x00007ffbb27b0000 - 0x00007ffbb280c000 	C:\WINDOWS\system32\mswsock.dll
0x000000006d710000 - 0x000000006d721000 	C:\Program Files\Java\jre1.8.0_112\bin\nio.dll
0x000000006d2f0000 - 0x000000006d304000 	C:\Program Files\Java\jre1.8.0_112\bin\javafx_font.dll
0x00007ffba5d70000 - 0x00007ffba5fd9000 	C:\WINDOWS\SYSTEM32\dwrite.dll
0x00007ffbb25a0000 - 0x00007ffbb2640000 	C:\WINDOWS\SYSTEM32\DNSAPI.dll
0x00007ffbb4790000 - 0x00007ffbb4798000 	C:\WINDOWS\System32\NSI.dll
0x00007ffbb2560000 - 0x00007ffbb2598000 	C:\WINDOWS\SYSTEM32\IPHLPAPI.DLL
0x00007ffb9f3c0000 - 0x00007ffb9f3ca000 	C:\Windows\System32\rasadhlp.dll
0x00007ffbab5b0000 - 0x00007ffbab61a000 	C:\WINDOWS\System32\fwpuclnt.dll
0x00007ffbb3000000 - 0x00007ffbb302b000 	C:\WINDOWS\SYSTEM32\bcrypt.dll
0x000000006d2c0000 - 0x000000006d2e3000 	C:\Program Files\Java\jre1.8.0_112\bin\javafx_iio.dll
0x000000006d120000 - 0x000000006d2b8000 	C:\Program Files\Java\jre1.8.0_112\bin\awt.dll
0x00007ffbb1670000 - 0x00007ffbb16ea000 	C:\WINDOWS\SYSTEM32\apphelp.dll
0x00007ffbb4570000 - 0x00007ffbb460f000 	C:\WINDOWS\System32\clbcatq.dll
0x00007ffbb06c0000 - 0x00007ffbb0868000 	C:\WINDOWS\SYSTEM32\WindowsCodecs.dll
0x00007ffba2990000 - 0x00007ffba29d9000 	C:\WINDOWS\system32\dataexchange.dll
0x00007ffbb0070000 - 0x00007ffbb0326000 	C:\WINDOWS\system32\d3d11.dll
0x00007ffbb0f80000 - 0x00007ffbb10d1000 	C:\WINDOWS\system32\dcomp.dll
0x00007ffbb2050000 - 0x00007ffbb20ef000 	C:\WINDOWS\system32\dxgi.dll
0x00007ffbb1b20000 - 0x00007ffbb1c3c000 	C:\WINDOWS\system32\twinapi.appcore.dll
0x00007ffb97370000 - 0x00007ffb973a2000 	C:\Program Files\Common Files\Microsoft Shared\Ink\rtscom.dll
0x000000006d100000 - 0x000000006d111000 	C:\Program Files\Java\jre1.8.0_112\bin\prism_common.dll
0x00007ffba76d0000 - 0x00007ffba787b000 	C:\Windows\System32\uiautomationcore.dll
0x00007ffbb2990000 - 0x00007ffbb29af000 	C:\Windows\System32\USERENV.dll
0x00007ffbb2f60000 - 0x00007ffbb2ff8000 	C:\WINDOWS\SYSTEM32\sxs.dll
0x00007ffba9690000 - 0x00007ffba96f5000 	C:\WINDOWS\SYSTEM32\OLEACC.dll
0x0000000180000000 - 0x0000000180025000 	C:\Program Files\Java\jre1.8.0_112\bin\rxtxSerial.dll
0x00007ffbaba20000 - 0x00007ffbabf7f000 	C:\WINDOWS\SYSTEM32\d2d1.dll
0x00007ffbb3200000 - 0x00007ffbb33c9000 	C:\WINDOWS\System32\CRYPT32.dll
0x00007ffbb30e0000 - 0x00007ffbb30f0000 	C:\WINDOWS\System32\MSASN1.dll
0x00007ffb83e90000 - 0x00007ffb8411d000 	C:\WINDOWS\SYSTEM32\D3D10Warp.dll
0x000000006d0c0000 - 0x000000006d0f1000 	C:\Program Files\Java\jre1.8.0_112\bin\jpeg.dll
0x00007ffbaf760000 - 0x00007ffbaf8f2000 	C:\WINDOWS\SYSTEM32\dbghelp.dll

VM Arguments:
jvm_args: -Djava.library.path=C:\Users\taljmars\Software Development\mfz-rxtx-2.2-20081207-win-x64 -Dfile.encoding=Cp1255 
java_command: gui.core.Main.Main
java_class_path (initial): C:\Users\taljmars\EclipseWorkspace\DroneGCS\bin;C:\Users\taljmars\EclipseWorkspace\DroneGCS\ExtLib\json-simple-1.1.1.jar;C:\Users\taljmars\EclipseWorkspace\DroneGCS\ExtLib\validation-api-1.1.0.Final.jar;C:\Users\taljmars\EclipseWorkspace\DroneGCS\ExtLib\classmate-1.1.0.jar;C:\Users\taljmars\EclipseWorkspace\DroneGCS\ExtLib\hibernate-validator-5.2.4.Final.jar;C:\Users\taljmars\EclipseWorkspace\DroneGCS\ExtLib\javax.el-api-2.2.4.jar;C:\Users\taljmars\Software Development\spring-framework-4.3.3.RELEASE\libs\spring-aop-4.3.3.RELEASE.jar;C:\Users\taljmars\Software Development\spring-framework-4.3.3.RELEASE\libs\spring-aspects-4.3.3.RELEASE.jar;C:\Users\taljmars\Software Development\spring-framework-4.3.3.RELEASE\libs\spring-beans-4.3.3.RELEASE.jar;C:\Users\taljmars\Software Development\spring-framework-4.3.3.RELEASE\libs\spring-context-4.3.3.RELEASE.jar;C:\Users\taljmars\Software Development\spring-framework-4.3.3.RELEASE\libs\spring-core-4.3.3.RELEASE.jar;C:\Users\taljmars\Software Development\spring-framework-4.3.3.RELEASE\libs\spring-expression-4.3.3.RELEASE.jar;C:\Users\taljmars\EclipseWorkspace\DroneGCS\ExtLib\jcommon-1.0.23.jar;C:\Users\taljmars\Software Development\commons-logging-1.2\commons-logging-1.2.jar;C:\Users\taljmars\EclipseWorkspace\DroneGCS\ExtLib\jboss-logging-3.2.1.Final.jar;C:\Users\taljmars\Software Development\mfz-rxtx-2.2-20081207-win-x64\RXTXcomm.jar;C:\Users\taljmars\EclipseWorkspace\DroneGCS\ExtLib\controlsfx-8.40.12.jar
Launcher Type: SUN_STANDARD

Environment Variables:
PATH=C:/Program Files/Java/jre1.8.0_112/bin/server;C:/Program Files/Java/jre1.8.0_112/bin;C:/Program Files/Java/jre1.8.0_112/lib/amd64;C:\ProgramData\Oracle\Java\javapath;C:\WINDOWS\system32;C:\WINDOWS;C:\WINDOWS\System32\Wbem;C:\WINDOWS\System32\WindowsPowerShell\v1.0\;C:\Program Files (x86)\Common Files\lenovo\easyplussdk\bin;C:\Program Files\Intel\WiFi\bin\;C:\Program Files\Common Files\Intel\WirelessCommon\;C:\Users\taljmars\AppData\Local\Microsoft\WindowsApps;;C:\Program Files (x86)\eclipse;
USERNAME=taljmars
OS=Windows_NT
PROCESSOR_IDENTIFIER=Intel64 Family 6 Model 78 Stepping 3, GenuineIntel



---------------  S Y S T E M  ---------------

OS: Windows 10.0 , 64 bit Build 14393 (10.0.14393.0)

CPU:total 4 (2 cores per cpu, 2 threads per core) family 6 model 78 stepping 3, cmov, cx8, fxsr, mmx, sse, sse2, sse3, ssse3, sse4.1, sse4.2, popcnt, avx, avx2, aes, clmul, erms, 3dnowpref, lzcnt, ht, tsc, tscinvbit, bmi1, bmi2, adx

Memory: 4k page, physical 16680864k(8531504k free), swap 19695520k(10102564k free)

vm_info: Java HotSpot(TM) 64-Bit Server VM (25.112-b15) for windows-amd64 JRE (1.8.0_112-b15), built on Sep 22 2016 21:31:56 by "java_re" with MS VC++ 10.0 (VS2010)

time: Mon Nov 21 04:11:37 2016
elapsed time: 65 seconds (0d 0h 1m 5s)

